2024-08-09 14:47:17,570 - INFO - SE INICIA PROCESO A LAS 02:47:PM
2024-08-09 14:47:18,564 - INFO - Mensaje enviado a Telegram.
2024-08-09 14:47:27,613 - INFO - Se ingreso la censel correctamente
2024-08-09 14:47:53,566 - INFO - SE INICIA PROCESO A LAS 02:47:PM
2024-08-09 14:47:54,231 - INFO - Mensaje enviado a Telegram.
2024-08-09 14:48:03,254 - INFO - Se ingreso la censel correctamente
2024-08-09 14:49:31,844 - INFO - SE INICIA PROCESO A LAS 02:49:PM
2024-08-09 14:49:32,560 - INFO - Mensaje enviado a Telegram.
2024-08-09 14:49:42,324 - INFO - Mensaje enviado a Telegram.
2024-08-09 14:49:42,327 - INFO - Se ingreso la censel correctamente
2024-08-09 14:49:59,251 - INFO - SE INICIA PROCESO A LAS 02:49:PM
2024-08-09 14:49:59,920 - INFO - Mensaje enviado a Telegram.
2024-08-09 14:50:09,734 - INFO - Mensaje enviado a Telegram.
2024-08-09 14:50:09,737 - INFO - Se ingreso la censel correctamente
2024-08-09 14:55:43,753 - INFO - SE INICIA PROCESO A LAS 02:55:PM
2024-08-09 14:55:44,525 - INFO - Mensaje enviado a Telegram.
2024-08-09 14:56:03,968 - INFO - SE INICIA PROCESO A LAS 02:56:PM
2024-08-09 14:56:04,653 - INFO - Mensaje enviado a Telegram.
2024-08-09 14:56:14,476 - INFO - Mensaje enviado a Telegram.
2024-08-09 14:56:14,479 - INFO - Se ingreso la censel correctamente
2024-08-09 15:42:30,961 - INFO - SE INICIA PROCESO A LAS 03:42:PM
2024-08-09 15:42:31,744 - INFO - Mensaje enviado a Telegram.
2024-08-09 15:42:41,639 - INFO - Mensaje enviado a Telegram.
2024-08-09 15:42:41,642 - INFO - Se ingreso la censel correctamente
2024-08-09 16:11:24,187 - INFO - SE INICIA PROCESO A LAS 04:11:PM
2024-08-09 16:11:24,940 - INFO - Mensaje enviado a Telegram.
2024-08-09 16:11:34,766 - INFO - Mensaje enviado a Telegram.
2024-08-09 16:11:35,531 - INFO - Mensaje enviado a Telegram.
2024-08-09 16:12:06,072 - INFO - Se ingreso la censel correctamente
2024-08-09 16:16:58,444 - INFO - SE INICIA PROCESO A LAS 04:16:PM
2024-08-09 16:16:59,212 - INFO - Mensaje enviado a Telegram.
2024-08-09 16:17:09,098 - INFO - Mensaje enviado a Telegram.
2024-08-09 16:17:39,634 - INFO - Se ingreso la censel correctamente
2024-08-09 16:19:59,291 - INFO - SE INICIA PROCESO A LAS 04:19:PM
2024-08-09 16:20:33,656 - INFO - SE INICIA PROCESO A LAS 04:20:PM
2024-08-09 16:21:13,409 - INFO - Se ingreso la censel correctamente
2024-08-09 16:22:26,175 - INFO - SE INICIA PROCESO A LAS 04:22:PM
2024-08-09 16:33:00,384 - INFO - SE INICIA PROCESO A LAS 04:33:PM
2024-08-09 16:33:40,000 - INFO - Se ingreso la censel correctamente
2024-08-09 16:35:11,201 - INFO - SE INICIA PROCESO A LAS 04:35:PM
2024-08-09 16:36:03,157 - INFO - SE INICIA PROCESO A LAS 04:36:PM
2024-08-09 16:36:44,327 - INFO - Se ingreso la censel correctamente
2024-08-09 16:38:51,035 - INFO - SE INICIA PROCESO A LAS 04:38:PM
2024-08-09 16:39:29,042 - INFO - SE INICIA PROCESO A LAS 04:39:PM
2024-08-09 16:40:09,691 - INFO - Se ingreso la censel correctamente
2024-08-09 16:52:02,224 - INFO - SE INICIA PROCESO A LAS 04:52:PM
2024-08-09 16:52:22,485 - INFO - Se ingreso la censel correctamente
2024-08-09 16:53:12,133 - INFO - SE INICIA PROCESO A LAS 04:53:PM
2024-08-09 16:53:52,710 - INFO - Se ingreso la censel correctamente
2024-08-09 17:02:39,815 - INFO - SE INICIA PROCESO A LAS 05:02:PM
2024-08-09 17:03:21,712 - INFO - Se ingreso la censel correctamente
2024-08-09 17:22:41,815 - INFO - SE INICIA PROCESO A LAS 05:22:PM
2024-08-09 17:23:23,096 - INFO - Se ingreso la censel correctamente
2024-08-09 17:24:35,584 - INFO - SE INICIA PROCESO A LAS 05:24:PM
2024-08-09 17:25:39,546 - INFO - SE INICIA PROCESO A LAS 05:25:PM
2024-08-09 17:26:20,468 - INFO - Se ingreso la censel correctamente
2024-08-09 17:29:20,628 - INFO - SE INICIA PROCESO A LAS 05:29:PM
2024-08-09 17:30:02,274 - INFO - Se ingreso la censel correctamente
2024-08-09 17:38:43,640 - INFO - SE INICIA PROCESO A LAS 05:38:PM
2024-08-09 17:39:04,398 - INFO - SE INICIA PROCESO A LAS 05:39:PM
2024-08-09 17:39:14,513 - ERROR - Ocurrio un error al comparar las imagenes
2024-08-09 17:48:50,647 - INFO - SE INICIA PROCESO A LAS 05:48:PM
2024-08-09 17:49:00,719 - ERROR - Ocurrio un error al comparar las imagenes
2024-08-09 17:49:31,357 - INFO - Se ingreso la censel correctamente
2024-08-09 17:53:07,042 - INFO - SE INICIA PROCESO A LAS 05:53:PM
2024-08-09 17:53:48,768 - INFO - Se ingreso la censel correctamente
2024-08-10 09:07:47,057 - INFO - SE INICIA PROCESO A LAS 09:07:AM
2024-08-10 09:08:28,650 - INFO - Se ingreso la censel correctamente
2024-08-10 09:09:25,339 - INFO - SE INICIA PROCESO A LAS 09:09:AM
2024-08-10 09:09:54,318 - INFO - SE INICIA PROCESO A LAS 09:09:AM
2024-08-10 09:10:35,297 - INFO - Se ingreso la censel correctamente
2024-08-10 09:17:59,228 - INFO - SE INICIA PROCESO A LAS 09:17:AM
2024-08-10 09:18:39,878 - INFO - Se ingreso la censel correctamente
2024-08-10 09:24:18,678 - INFO - SE INICIA PROCESO A LAS 09:24: AM
2024-08-10 09:25:23,929 - INFO - SE INICIA PROCESO A LAS 09:25 AM
2024-08-10 09:25:33,759 - ERROR - Ocurrio un error al comparar las imagenes
2024-08-10 09:26:04,412 - INFO - Se ingreso la censel correctamente
2024-08-10 09:27:24,890 - INFO - SE INICIA PROCESO A LAS 09:27 AM
2024-08-10 09:27:34,799 - ERROR - Ocurrio un error al comparar las imagenes
2024-08-10 09:27:34,870 - INFO - Se ingreso la censel correctamente
2024-08-10 09:29:11,902 - INFO - SE INICIA PROCESO A LAS 09:29 AM
2024-08-10 09:29:21,806 - ERROR - Ocurrio un error al comparar las imagenes
2024-08-10 09:29:21,875 - INFO - Se ingreso la censel correctamente
2024-08-10 09:29:43,309 - INFO - SE INICIA PROCESO A LAS 09:29 AM
2024-08-10 09:37:00,148 - INFO - SE INICIA PROCESO A LAS 09:37 AM
2024-08-10 09:37:10,232 - ERROR - Ocurrio un error al comparar las imagenes
2024-08-10 09:37:10,323 - INFO - Se ingreso la censel correctamente
2024-08-10 09:38:14,363 - INFO - SE INICIA PROCESO A LAS 09:38 AM
2024-08-10 11:13:08,120 - INFO - SE INICIA PROCESO A LAS 11:13 AM
2024-08-10 11:14:16,452 - INFO - SE INICIA PROCESO A LAS 11:14 AM
2024-08-10 11:14:57,176 - INFO - Se ingreso la censel correctamente
2024-08-10 11:22:58,486 - INFO - SE INICIA PROCESO A LAS 11:22 AM
2024-08-10 11:23:17,520 - INFO - Se ingreso la censel correctamente
2024-08-10 11:24:07,788 - INFO - SE INICIA PROCESO A LAS 11:24 AM
2024-08-10 11:24:47,931 - INFO - Se ingreso la censel correctamente
2024-08-10 11:29:46,136 - INFO - SE INICIA PROCESO A LAS 11:29 AM
2024-08-10 11:29:46,292 - INFO - Se ingreso la censel correctamente
2024-08-10 11:31:52,297 - INFO - SE INICIA PROCESO A LAS 11:31 AM
2024-08-10 11:31:52,395 - INFO - Se ingreso la censel correctamente
2024-08-10 11:32:28,752 - INFO - SE INICIA PROCESO A LAS 11:32 AM
2024-08-10 11:32:28,841 - INFO - Se ingreso la censel correctamente
2024-08-10 11:33:19,975 - INFO - SE INICIA PROCESO A LAS 11:33 AM
2024-08-10 11:33:20,053 - INFO - Se ingreso la censel correctamente
2024-08-10 11:33:46,192 - INFO - SE INICIA PROCESO A LAS 11:33 AM
2024-08-10 11:33:59,128 - ERROR - Ocurrio un error al comparar las imagenes
2024-08-10 11:33:59,569 - INFO - Se ingreso la censel correctamente
2024-08-10 11:38:51,715 - INFO - SE INICIA PROCESO A LAS 11:38 AM
2024-08-10 11:39:02,614 - ERROR - Ocurrio un error al comparar las imagenes
2024-08-10 11:39:02,697 - INFO - Se ingreso la censel correctamente
2024-08-10 11:42:12,626 - INFO - SE INICIA PROCESO A LAS 11:42 AM
2024-08-10 11:42:21,571 - INFO - Se ingreso la censel correctamente
2024-08-10 11:44:53,928 - INFO - SE INICIA PROCESO A LAS 11:44 AM
2024-08-10 11:45:02,874 - INFO - Se ingreso la censel correctamente
2024-08-10 11:46:50,485 - INFO - SE INICIA PROCESO A LAS 11:46 AM
2024-08-10 11:46:50,485 - INFO - Se ingreso la censel correctamente
2024-08-10 11:47:50,293 - INFO - SE INICIA PROCESO A LAS 11:47 AM
2024-08-10 11:47:50,293 - INFO - Se ingreso la censel correctamente
2024-08-10 11:50:16,081 - INFO - SE INICIA PROCESO A LAS 11:50 AM
2024-08-10 11:50:24,884 - INFO - Se ingreso la censel correctamente
2024-08-10 11:50:44,772 - INFO - SE INICIA PROCESO A LAS 11:50 AM
2024-08-10 11:50:53,772 - INFO - Se ingreso la censel correctamente
2024-08-10 11:51:45,560 - INFO - SE INICIA PROCESO A LAS 11:51 AM
2024-08-10 11:52:22,784 - INFO - SE INICIA PROCESO A LAS 11:52 AM
2024-08-10 11:55:23,456 - ERROR - Ocurrio un error al comparar las imagenes
2024-08-10 11:56:05,714 - INFO - Se ingreso la censel correctamente
2024-08-10 12:04:55,463 - INFO - SE INICIA PROCESO A LAS 12:04 PM
2024-08-10 12:06:01,377 - INFO - SE INICIA PROCESO A LAS 12:06 PM
2024-08-10 12:06:11,208 - ERROR - Ocurrio un error al comparar las imagenes
2024-08-10 12:11:55,546 - INFO - SE INICIA PROCESO A LAS 12:11 PM
2024-08-10 12:12:05,497 - ERROR - Ocurrio un error al comparar las imagenes
2024-08-10 12:12:43,430 - INFO - SE INICIA PROCESO A LAS 12:12 PM
2024-08-10 12:12:54,190 - ERROR - Ocurrio un error al comparar las imagenes
2024-08-10 12:35:01,182 - INFO - SE INICIA PROCESO A LAS 12:35 PM
2024-08-10 12:35:12,053 - ERROR - Ocurrio un error al comparar las imagenes
2024-08-10 12:36:26,818 - INFO - SE INICIA PROCESO A LAS 12:36 PM
2024-08-10 12:36:38,054 - ERROR - Ocurrio un error al comparar las imagenes
2024-08-10 12:37:14,768 - INFO - SE INICIA PROCESO A LAS 12:37 PM
2024-08-10 12:37:30,295 - INFO - SE INICIA PROCESO A LAS 12:37 PM
2024-08-10 12:38:44,264 - INFO - SE INICIA PROCESO A LAS 12:38 PM
2024-08-10 12:39:57,004 - INFO - SE INICIA PROCESO A LAS 12:39 PM
2024-08-10 12:40:40,726 - INFO - SE INICIA PROCESO A LAS 12:40 PM
2024-08-10 12:41:23,759 - INFO - SE INICIA PROCESO A LAS 12:41 PM
2024-08-10 12:42:21,789 - INFO - SE INICIA PROCESO A LAS 12:42 PM
2024-08-10 12:43:28,259 - INFO - SE INICIA PROCESO A LAS 12:43 PM
2024-08-10 12:44:20,126 - INFO - SE INICIA PROCESO A LAS 12:44 PM
2024-08-10 12:45:09,141 - INFO - SE INICIA PROCESO A LAS 12:45 PM
2024-08-10 12:51:50,445 - INFO - SE INICIA PROCESO A LAS 12:51 PM
2024-08-10 12:52:01,970 - INFO - SE INICIA PROCESO A LAS 12:52 PM
2024-08-10 12:53:09,656 - INFO - SE INICIA PROCESO A LAS 12:53 PM
2024-08-10 12:54:03,311 - INFO - SE INICIA PROCESO A LAS 12:54 PM
2024-08-10 12:54:25,092 - INFO - SE INICIA PROCESO A LAS 12:54 PM
2024-08-10 12:55:28,409 - INFO - SE INICIA PROCESO A LAS 12:55 PM
2024-08-10 12:57:29,177 - INFO - SE INICIA PROCESO A LAS 12:57 PM
2024-08-10 12:59:23,677 - INFO - SE INICIA PROCESO A LAS 12:59 PM
2024-08-10 13:14:13,165 - INFO - SE INICIA PROCESO A LAS 01:14 PM
2024-08-10 13:27:52,505 - INFO - SE INICIA PROCESO A LAS 01:27 PM
2024-08-10 13:28:00,198 - INFO - SE INICIA PROCESO A LAS 01:28 PM
2024-08-10 13:32:01,131 - INFO - SE INICIA PROCESO A LAS 01:32 PM
2024-08-10 13:32:37,114 - ERROR -  No se pudo inicar sesion: 
2024-08-10 13:52:40,049 - INFO - SE INICIA PROCESO A LAS 01:52 PM
2024-08-10 13:53:17,262 - ERROR -  No se pudo inicar sesion: 
2024-08-10 13:56:56,599 - INFO - SE INICIA PROCESO A LAS 01:56 PM
2024-08-10 13:57:33,783 - ERROR -  No se pudo inicar sesion: 
2024-08-10 13:59:33,301 - INFO - SE INICIA PROCESO A LAS 01:59 PM
2024-08-12 08:09:49,565 - INFO - SE INICIA PROCESO A LAS 08:09 AM
2024-08-12 08:20:37,578 - INFO - SE INICIA PROCESO A LAS 08:20 AM
2024-08-12 08:25:53,943 - INFO - SE INICIA PROCESO A LAS 08:25 AM
2024-08-12 08:43:50,151 - INFO - SE INICIA PROCESO A LAS 08:43 AM
2024-08-12 08:44:27,603 - ERROR -  No se pudo inicar sesion: 
2024-08-12 09:10:53,856 - INFO - SE INICIA PROCESO A LAS 09:10 AM
2024-08-12 09:15:17,777 - INFO - SE INICIA PROCESO A LAS 09:15 AM
2024-08-12 09:15:55,068 - ERROR -  No se pudo inicar sesion: 
2024-08-12 09:20:46,715 - INFO - SE INICIA PROCESO A LAS 09:20 AM
2024-08-12 09:21:24,124 - ERROR -  No se pudo inicar sesion: 
2024-08-12 09:25:55,987 - INFO - SE INICIA PROCESO A LAS 09:25 AM
2024-08-12 09:26:33,316 - ERROR -  No se pudo inicar sesion: 
2024-08-12 09:31:01,635 - INFO - SE INICIA PROCESO A LAS 09:31 AM
2024-08-12 09:31:39,078 - ERROR -  No se pudo inicar sesion: 
2024-08-12 09:34:42,241 - INFO - SE INICIA PROCESO A LAS 09:34 AM
2024-08-12 09:35:19,570 - ERROR -  No se pudo inicar sesion: 
2024-08-12 09:36:47,250 - INFO - SE INICIA PROCESO A LAS 09:36 AM
2024-08-12 09:37:24,676 - ERROR -  No se pudo inicar sesion: 
2024-08-12 09:39:34,737 - INFO - SE INICIA PROCESO A LAS 09:39 AM
2024-08-12 09:40:12,222 - ERROR -  No se pudo inicar sesion: 
2024-08-12 09:42:25,309 - INFO - SE INICIA PROCESO A LAS 09:42 AM
2024-08-12 09:44:47,819 - INFO - SE INICIA PROCESO A LAS 09:44 AM
2024-08-12 09:45:40,276 - INFO - SE INICIA PROCESO A LAS 09:45 AM
2024-08-12 09:45:48,994 - INFO - SE INICIA PROCESO A LAS 09:45 AM
2024-08-12 10:03:59,680 - INFO - SE INICIA PROCESO A LAS 10:03 AM
2024-08-12 10:05:34,649 - INFO - SE INICIA PROCESO A LAS 10:05 AM
2024-08-12 10:10:00,017 - INFO - SE INICIA PROCESO A LAS 10:10 AM
2024-08-12 10:10:37,527 - ERROR -  No se pudo inicar sesion: 
2024-08-12 10:13:20,074 - INFO - SE INICIA PROCESO A LAS 10:13 AM
2024-08-12 10:13:57,367 - ERROR -  No se pudo inicar sesion: 
2024-08-12 10:56:53,512 - INFO - SE INICIA PROCESO A LAS 10:56 AM
2024-08-12 10:57:30,843 - ERROR -  No se pudo inicar sesion: 
2024-08-12 11:00:17,100 - INFO - SE INICIA PROCESO A LAS 11:00 AM
2024-08-12 11:00:54,350 - ERROR -  No se pudo inicar sesion: 
2024-08-12 11:02:12,539 - INFO - SE INICIA PROCESO A LAS 11:02 AM
2024-08-12 11:02:49,809 - ERROR -  No se pudo inicar sesion: 
2024-08-12 11:09:41,678 - INFO - SE INICIA PROCESO A LAS 11:09 AM
2024-08-12 11:10:18,966 - ERROR -  No se pudo inicar sesion: 
2024-08-12 11:11:40,349 - INFO - SE INICIA PROCESO A LAS 11:11 AM
2024-08-12 11:11:40,351 - ERROR -  No se pudo inicar sesion: 
2024-08-12 11:12:05,079 - INFO - SE INICIA PROCESO A LAS 11:12 AM
2024-08-12 11:12:05,080 - ERROR -  No se pudo inicar sesion: 
2024-08-12 11:12:20,347 - INFO - SE INICIA PROCESO A LAS 11:12 AM
2024-08-12 11:12:20,348 - ERROR -  No se pudo inicar sesion: 
2024-08-12 11:12:35,360 - INFO - SE INICIA PROCESO A LAS 11:12 AM
2024-08-12 11:12:35,361 - ERROR -  No se pudo inicar sesion: 
2024-08-12 11:14:35,126 - INFO - SE INICIA PROCESO A LAS 11:14 AM
2024-08-12 11:14:35,127 - ERROR -  No se pudo inicar sesion: 
2024-08-12 11:15:44,183 - INFO - SE INICIA PROCESO A LAS 11:15 AM
2024-08-12 11:15:44,184 - ERROR -  No se pudo inicar sesion: 
2024-08-12 11:16:33,179 - INFO - SE INICIA PROCESO A LAS 11:16 AM
2024-08-12 11:17:09,647 - ERROR -  No se pudo inicar sesion: 
2024-08-12 11:20:10,061 - INFO - SE INICIA PROCESO A LAS 11:20 AM
2024-08-12 11:20:46,505 - ERROR -  No se pudo inicar sesion: 
2024-08-12 11:22:30,456 - INFO - SE INICIA PROCESO A LAS 11:22 AM
2024-08-12 11:23:06,949 - ERROR -  No se pudo inicar sesion: 
2024-08-12 11:29:57,088 - INFO - SE INICIA PROCESO A LAS 11:29 AM
2024-08-12 11:37:23,437 - INFO - SE INICIA PROCESO A LAS 11:37 AM
2024-08-12 11:37:59,798 - ERROR -  No se pudo inicar sesion: 
2024-08-12 11:38:37,123 - INFO - SE INICIA PROCESO A LAS 11:38 AM
2024-08-12 11:39:13,475 - ERROR -  No se pudo inicar sesion: 
2024-08-12 11:43:37,717 - INFO - SE INICIA PROCESO A LAS 11:43 AM
2024-08-12 11:50:00,336 - INFO - SE INICIA PROCESO A LAS 11:50 AM
2024-08-12 14:15:17,518 - INFO - SE INICIA PROCESO A LAS 02:15 PM
2024-08-12 14:32:08,379 - INFO - SE INICIA PROCESO A LAS 02:32 PM
2024-08-12 15:02:07,052 - INFO - SE INICIA PROCESO A LAS 03:02 PM
2024-08-13 08:57:43,351 - INFO - SE INICIA PROCESO A LAS 08:57 AM
2024-08-13 09:09:10,161 - INFO - SE INICIA PROCESO A LAS 09:09 AM
2024-08-13 09:38:40,925 - INFO - SE INICIA PROCESO A LAS 09:38 AM
2024-08-13 09:39:00,302 - INFO - SE INICIA PROCESO A LAS 09:39 AM
2024-08-13 10:03:29,876 - INFO - SE INICIA PROCESO A LAS 10:03 AM
2024-08-13 10:03:34,269 - ERROR -  No se pudo inicar sesion: 
2024-08-13 10:17:58,497 - INFO - SE INICIA PROCESO A LAS 10:17 AM
2024-08-13 10:21:37,097 - INFO - SE INICIA PROCESO A LAS 10:21 AM
2024-08-13 10:27:15,105 - INFO - SE INICIA PROCESO A LAS 10:27 AM
2024-08-13 17:13:33,332 - INFO - SE INICIA PROCESO A LAS 05:13 PM
2024-08-13 17:14:07,723 - INFO - SE INICIA PROCESO A LAS 05:14 PM
2024-08-13 17:14:44,403 - ERROR -  No se pudo inicar sesion: 
2024-08-13 17:20:03,018 - INFO - SE INICIA PROCESO A LAS 05:20 PM
2024-08-13 17:20:39,680 - ERROR -  No se pudo inicar sesion: 
2024-08-13 17:22:10,572 - INFO - SE INICIA PROCESO A LAS 05:22 PM
2024-08-13 17:22:21,618 - INFO - SE INICIA PROCESO A LAS 05:22 PM
2024-08-13 17:22:58,869 - ERROR -  No se pudo inicar sesion: 
2024-08-13 17:23:02,453 - INFO - SE INICIA PROCESO A LAS 05:23 PM
2024-08-13 17:23:39,039 - ERROR -  No se pudo inicar sesion: 
2024-08-13 17:26:09,002 - INFO - SE INICIA PROCESO A LAS 05:26 PM
2024-08-13 17:26:45,644 - ERROR -  No se pudo inicar sesion: 
2024-08-13 17:29:38,129 - INFO - SE INICIA PROCESO A LAS 05:29 PM
2024-08-13 17:30:14,778 - ERROR -  No se pudo inicar sesion: 
2024-08-13 17:30:49,777 - INFO - SE INICIA PROCESO A LAS 05:30 PM
2024-08-13 17:30:53,961 - ERROR -  No se pudo inicar sesion: 
2024-08-13 17:30:59,458 - INFO - SE INICIA PROCESO A LAS 05:30 PM
2024-08-13 17:31:36,040 - ERROR -  No se pudo inicar sesion: 
2024-08-13 17:38:37,272 - INFO - SE INICIA PROCESO A LAS 05:38 PM
2024-08-13 17:39:13,875 - ERROR -  No se pudo inicar sesion: 
2024-08-13 17:51:58,200 - INFO - SE INICIA PROCESO A LAS 05:51 PM
2024-08-13 17:52:34,791 - ERROR -  No se pudo inicar sesion: 
2024-08-13 17:53:26,752 - INFO - SE INICIA PROCESO A LAS 05:53 PM
2024-08-13 17:54:03,530 - ERROR -  No se pudo inicar sesion: 
2024-08-13 17:54:21,046 - INFO - SE INICIA PROCESO A LAS 05:54 PM
2024-08-13 17:54:57,590 - ERROR -  No se pudo inicar sesion: 
2024-08-13 17:56:18,666 - INFO - SE INICIA PROCESO A LAS 05:56 PM
2024-08-13 17:57:15,358 - ERROR -  No se pudo inicar sesion: 
2024-08-14 08:24:44,497 - INFO - SE INICIA PROCESO A LAS 08:24 AM
2024-08-14 08:25:41,952 - ERROR -  No se pudo inicar sesion: 
2024-08-14 08:43:36,654 - INFO - SE INICIA PROCESO A LAS 08:43 AM
2024-08-14 08:44:20,515 - INFO - SE INICIA PROCESO A LAS 08:44 AM
2024-08-14 08:46:45,910 - INFO - SE INICIA PROCESO A LAS 08:46 AM
2024-08-14 09:14:47,266 - INFO - SE INICIA PROCESO A LAS 09:14 AM
2024-08-14 09:18:55,608 - INFO - SE INICIA PROCESO A LAS 09:18 AM
2024-08-14 09:40:03,873 - INFO - SE INICIA PROCESO A LAS 09:40 
2024-08-14 09:41:42,046 - INFO - SE INICIA PROCESO A LAS 09:41 
2024-08-14 09:58:07,726 - INFO - SE INICIA PROCESO A LAS 09:58 
2024-08-14 10:20:26,891 - INFO - SE INICIA PROCESO A LAS 10:20 
2024-08-14 10:21:56,388 - INFO - SE INICIA PROCESO A LAS 10:21 
2024-08-14 10:56:42,368 - INFO - SE INICIA PROCESO A LAS 10:56 
2024-08-14 11:09:45,464 - INFO - SE INICIA PROCESO A LAS 11:09 
2024-08-14 11:11:42,436 - INFO - SE INICIA PROCESO A LAS 11:11 
2024-08-14 11:14:12,343 - INFO - SE INICIA PROCESO A LAS 11:14 
2024-08-14 11:16:38,481 - INFO - SE INICIA PROCESO A LAS 11:16 
2024-08-14 11:18:26,249 - INFO - SE INICIA PROCESO A LAS 11:18 
2024-08-14 11:43:59,589 - INFO - SE INICIA PROCESO A LAS 11:43 
2024-08-14 11:45:13,310 - ERROR -  No se pudo inicar sesion: 
2024-08-14 11:46:17,395 - INFO - SE INICIA PROCESO A LAS 11:46 
2024-08-14 11:47:30,957 - ERROR -  No se pudo inicar sesion: 
2024-08-14 11:49:17,374 - INFO - SE INICIA PROCESO A LAS 11:49 
2024-08-14 11:50:31,083 - ERROR -  No se pudo inicar sesion: 
2024-08-14 11:50:52,378 - INFO - SE INICIA PROCESO A LAS 11:50 
2024-08-14 11:51:32,016 - ERROR -  No se pudo inicar sesion: 
2024-08-14 11:52:11,786 - INFO - SE INICIA PROCESO A LAS 11:52 
2024-08-14 11:53:25,455 - ERROR -  No se pudo inicar sesion: 
2024-08-14 11:58:05,009 - INFO - SE INICIA PROCESO A LAS 11:58 
2024-08-14 11:58:40,788 - INFO - SE INICIA PROCESO A LAS 11:58 
2024-08-14 14:08:34,035 - INFO - SE INICIA PROCESO A LAS 02:08 
2024-08-14 15:03:36,674 - INFO - SE INICIA PROCESO A LAS 03:03 
2024-08-14 15:34:36,420 - INFO - SE INICIA PROCESO A LAS 03:34 
2024-08-14 15:34:57,759 - INFO - SE INICIA PROCESO A LAS 03:34 
2024-08-14 15:52:37,243 - INFO - SE INICIA PROCESO A LAS 3:52 PM
2024-08-14 15:58:38,626 - INFO - SE INICIA PROCESO A LAS 3:58 PM
2024-08-14 16:02:11,677 - INFO - SE INICIA PROCESO A LAS 4:02 PM
2024-08-14 16:03:55,362 - INFO - SE INICIA PROCESO A LAS 4:03 PM
2024-08-14 16:04:27,242 - INFO - SE INICIA PROCESO A LAS 4:04 PM
2024-08-14 16:22:48,065 - INFO - SE INICIA PROCESO A LAS 4:22 PM
2024-08-14 16:59:27,696 - INFO - SE INICIA PROCESO A LAS 4:59 PM
2024-08-14 17:04:01,030 - INFO - SE INICIA PROCESO A LAS 5:04 PM
2024-08-14 17:05:42,638 - INFO - SE INICIA PROCESO A LAS 5:05 PM
2024-08-14 17:49:32,360 - INFO - SE INICIA PROCESO A LAS 5:49 PM
2024-08-14 17:52:45,867 - INFO - SE INICIA PROCESO A LAS 5:52 PM
2024-08-14 17:59:07,524 - INFO - SE INICIA PROCESO A LAS 5:59 PM
2024-08-14 18:00:22,896 - INFO - SE INICIA PROCESO A LAS 6:00 PM
2024-08-15 08:35:57,757 - INFO - SE INICIA PROCESO A LAS 8:35 AM
2024-08-15 08:41:20,416 - INFO - SE INICIA PROCESO A LAS 8:41 AM
2024-08-15 11:25:28,286 - INFO - SE INICIA PROCESO A LAS 11:25 AM
2024-08-15 11:26:04,930 - ERROR -  No se pudo inicar sesion: 
2024-08-15 11:27:25,525 - INFO - SE INICIA PROCESO A LAS 11:27 AM
2024-08-15 11:28:02,127 - ERROR -  No se pudo inicar sesion: 
2024-08-15 11:31:50,962 - INFO - SE INICIA PROCESO A LAS 11:31 AM
2024-08-15 11:32:03,030 - INFO - SE INICIA PROCESO A LAS 11:32 AM
2024-08-15 11:32:39,692 - ERROR -  No se pudo inicar sesion: 
2024-08-15 11:34:30,052 - INFO - SE INICIA PROCESO A LAS 11:34 AM
2024-08-15 11:35:14,416 - ERROR -  No se pudo inicar sesion: 
2024-08-15 11:37:01,935 - INFO - SE INICIA PROCESO A LAS 11:37 AM
2024-08-15 11:39:30,622 - INFO - SE INICIA PROCESO A LAS 11:39 AM
2024-08-15 11:49:16,726 - INFO - SE INICIA PROCESO A LAS 11:49 AM
2024-08-15 11:51:09,218 - INFO - SE INICIA PROCESO A LAS 11:51 AM
2024-08-15 11:56:50,209 - INFO - SE INICIA PROCESO A LAS 11:56 AM
2024-08-15 11:58:32,810 - INFO - SE INICIA PROCESO A LAS 11:58 AM
2024-08-15 14:25:35,337 - INFO - SE INICIA PROCESO A LAS 2:25 PM
2024-08-20 08:53:42,560 - INFO - SE INICIA PROCESO A LAS 8:53 AM
2024-08-20 08:54:49,206 - ERROR -  No se pudo inicar sesion: 
2024-08-20 11:18:16,193 - INFO - SE INICIA PROCESO A LAS 11:18 AM
2024-08-20 11:18:52,308 - ERROR -  No se pudo inicar sesion: 
2024-08-20 11:22:55,480 - INFO - SE INICIA PROCESO A LAS 11:22 AM
2024-08-20 11:24:04,953 - ERROR -  No se pudo inicar sesion: 
